2016-11-04T21:24:55.478Z - info: UPDATE_SEARCH_BOX_SIZE : {
  "newSize": {
    "id": "search",
    "width": 303,
    "height": 34,
    "top": 13.1875,
    "left": 1444
  }
}
2016-11-04T21:24:55.881Z - info: SELECT_CHANNEL : "C1N3B300H"
2016-11-04T21:24:58.020Z - info: Raw Locale list: ["C","C.UTF-8","en_AG","en_AG.utf8","en_AU.utf8","en_BW.utf8","en_CA.utf8","en_DK.utf8","en_GB.utf8","en_HK.utf8","en_IE.utf8","en_IN","en_IN.utf8","en_NG","en_NG.utf8","en_NZ.utf8","en_PH.utf8","en_SG.utf8","en_US.utf8","en_ZA.utf8","en_ZM","en_ZM.utf8","en_ZW.utf8","pl_PL.utf8","POSIX",""]
2016-11-04T21:24:58.021Z - info: Filtered Locale list: ["en_AG","en_AG","en_AU","en_BW","en_CA","en_DK","en_GB","en_HK","en_IE","en_IN","en_IN","en_NG","en_NG","en_NZ","en_PH","en_SG","en_US","en_ZA","en_ZM","en_ZM","en_ZW","pl_PL"]
2016-11-04T21:24:58.021Z - info: Counts: {"en":["en_AG","en_AG","en_AU","en_BW","en_CA","en_DK","en_GB","en_HK","en_IE","en_IN","en_IN","en_NG","en_NG","en_NZ","en_PH","en_SG","en_US","en_ZA","en_ZM","en_ZM","en_ZW"],"pl":["pl_PL"]}
2016-11-04T21:24:58.022Z - info: Setting pl
2016-11-04T21:24:58.023Z - info: Result: {"pl":"pl-PL","en":"en-US"}
2016-11-04T21:24:58.026Z - info: Requesting to load pl-PL, alternatives are ["pl-PL","pl-PL","pl-PL"]
2016-11-04T21:24:58.034Z - info: Loading dictionary for language pl-PL
2016-11-04T21:24:58.035Z - info: Actually downloading https://redirector.gvt1.com/edgedl/chrome/dict/pl-pl-3-0.bdic
2016-11-04T21:24:58.093Z - info: Raw Locale list: ["C","C.UTF-8","en_AG","en_AG.utf8","en_AU.utf8","en_BW.utf8","en_CA.utf8","en_DK.utf8","en_GB.utf8","en_HK.utf8","en_IE.utf8","en_IN","en_IN.utf8","en_NG","en_NG.utf8","en_NZ.utf8","en_PH.utf8","en_SG.utf8","en_US.utf8","en_ZA.utf8","en_ZM","en_ZM.utf8","en_ZW.utf8","pl_PL.utf8","POSIX",""]
2016-11-04T21:24:58.093Z - info: Filtered Locale list: ["en_AG","en_AG","en_AU","en_BW","en_CA","en_DK","en_GB","en_HK","en_IE","en_IN","en_IN","en_NG","en_NG","en_NZ","en_PH","en_SG","en_US","en_ZA","en_ZM","en_ZM","en_ZW","pl_PL"]
2016-11-04T21:24:58.094Z - info: Counts: {"en":["en_AG","en_AG","en_AU","en_BW","en_CA","en_DK","en_GB","en_HK","en_IE","en_IN","en_IN","en_NG","en_NG","en_NZ","en_PH","en_SG","en_US","en_ZA","en_ZM","en_ZM","en_ZW"],"pl":["pl_PL"]}
2016-11-04T21:24:58.094Z - info: Setting pl
2016-11-04T21:24:58.094Z - info: Result: {"pl":"pl-PL","en":"en-US"}
2016-11-04T21:24:58.094Z - info: Requesting to load pl-PL, alternatives are ["pl-PL","pl-PL","pl-PL"]
2016-11-04T21:24:58.096Z - info: Loading dictionary for language pl-PL
2016-11-04T21:24:58.097Z - info: Actually downloading https://redirector.gvt1.com/edgedl/chrome/dict/pl-pl-3-0.bdic
2016-11-04T21:25:00.209Z - info: UPDATE_TEAM_ICONS : {
  "icons": {
    "image_34": "https://s3-us-west-2.amazonaws.com/slack-files2/avatars/2016-07-25/62819531057_fc4265cf524774d04cc8_34.png",
    "image_44": "https://s3-us-west-2.amazonaws.com/slack-files2/avatars/2016-07-25/62819531057_fc4265cf524774d04cc8_44.png",
    "image_68": "https://s3-us-west-2.amazonaws.com/slack-files2/avatars/2016-07-25/62819531057_fc4265cf524774d04cc8_68.png",
    "image_88": "https://s3-us-west-2.amazonaws.com/slack-files2/avatars/2016-07-25/62819531057_fc4265cf524774d04cc8_88.png",
    "image_102": "https://s3-us-west-2.amazonaws.com/slack-files2/avatars/2016-07-25/62819531057_fc4265cf524774d04cc8_102.png",
    "image_132": "https://s3-us-west-2.amazonaws.com/slack-files2/avatars/2016-07-25/62819531057_fc4265cf524774d04cc8_132.png",
    "image_230": "https://s3-us-west-2.amazonaws.com/slack-files2/avatars/2016-07-25/62819531057_fc4265cf524774d04cc8_230.png",
    "image_original": "https://s3-us-west-2.amazonaws.com/slack-files2/avatars/2016-07-25/62819531057_fc4265cf524774d04cc8_original.png"
  },
  "teamId": "T1N34JX9D"
}
2016-11-04T21:25:00.217Z - info: UPDATE_TEAM_THEME : {
  "theme": {
    "column_bg": "#4D394B",
    "menu_bg": "#3E313C",
    "active_item": "#4C9689",
    "active_item_text": "#FFFFFF",
    "hover_item": "#3E313C",
    "text_color": "#FFFFFF",
    "active_presence": "#38978D",
    "badge": "#EB4D5C"
  },
  "teamId": "T1N34JX9D"
}
2016-11-04T21:25:00.223Z - info: Setting current spellchecker to pl-PL, requested language was pl-PL
2016-11-04T21:25:00.223Z - info: Creating node-spellchecker instance
2016-11-04T21:25:00.253Z - info: Setting current spellchecker to pl-PL, requested language was pl-PL
2016-11-04T21:25:00.255Z - info: Actually installing spell check provider to Electron
2016-11-05T13:51:07.649Z - info: UPDATE_TEAM_ICONS : {
  "icons": {
    "image_34": "https://s3-us-west-2.amazonaws.com/slack-files2/avatars/2016-07-25/62819531057_fc4265cf524774d04cc8_34.png",
    "image_44": "https://s3-us-west-2.amazonaws.com/slack-files2/avatars/2016-07-25/62819531057_fc4265cf524774d04cc8_44.png",
    "image_68": "https://s3-us-west-2.amazonaws.com/slack-files2/avatars/2016-07-25/62819531057_fc4265cf524774d04cc8_68.png",
    "image_88": "https://s3-us-west-2.amazonaws.com/slack-files2/avatars/2016-07-25/62819531057_fc4265cf524774d04cc8_88.png",
    "image_102": "https://s3-us-west-2.amazonaws.com/slack-files2/avatars/2016-07-25/62819531057_fc4265cf524774d04cc8_102.png",
    "image_132": "https://s3-us-west-2.amazonaws.com/slack-files2/avatars/2016-07-25/62819531057_fc4265cf524774d04cc8_132.png",
    "image_230": "https://s3-us-west-2.amazonaws.com/slack-files2/avatars/2016-07-25/62819531057_fc4265cf524774d04cc8_230.png",
    "image_original": "https://s3-us-west-2.amazonaws.com/slack-files2/avatars/2016-07-25/62819531057_fc4265cf524774d04cc8_original.png"
  },
  "teamId": "T1N34JX9D"
}
2016-11-05T20:42:54.765Z - info: UPDATE_TEAM_ICONS : {
  "icons": {
    "image_34": "https://s3-us-west-2.amazonaws.com/slack-files2/avatars/2016-07-25/62819531057_fc4265cf524774d04cc8_34.png",
    "image_44": "https://s3-us-west-2.amazonaws.com/slack-files2/avatars/2016-07-25/62819531057_fc4265cf524774d04cc8_44.png",
    "image_68": "https://s3-us-west-2.amazonaws.com/slack-files2/avatars/2016-07-25/62819531057_fc4265cf524774d04cc8_68.png",
    "image_88": "https://s3-us-west-2.amazonaws.com/slack-files2/avatars/2016-07-25/62819531057_fc4265cf524774d04cc8_88.png",
    "image_102": "https://s3-us-west-2.amazonaws.com/slack-files2/avatars/2016-07-25/62819531057_fc4265cf524774d04cc8_102.png",
    "image_132": "https://s3-us-west-2.amazonaws.com/slack-files2/avatars/2016-07-25/62819531057_fc4265cf524774d04cc8_132.png",
    "image_230": "https://s3-us-west-2.amazonaws.com/slack-files2/avatars/2016-07-25/62819531057_fc4265cf524774d04cc8_230.png",
    "image_original": "https://s3-us-west-2.amazonaws.com/slack-files2/avatars/2016-07-25/62819531057_fc4265cf524774d04cc8_original.png"
  },
  "teamId": "T1N34JX9D"
}
2016-11-05T21:03:26.990Z - info: UPDATE_TEAM_ICONS : {
  "icons": {
    "image_34": "https://s3-us-west-2.amazonaws.com/slack-files2/avatars/2016-07-25/62819531057_fc4265cf524774d04cc8_34.png",
    "image_44": "https://s3-us-west-2.amazonaws.com/slack-files2/avatars/2016-07-25/62819531057_fc4265cf524774d04cc8_44.png",
    "image_68": "https://s3-us-west-2.amazonaws.com/slack-files2/avatars/2016-07-25/62819531057_fc4265cf524774d04cc8_68.png",
    "image_88": "https://s3-us-west-2.amazonaws.com/slack-files2/avatars/2016-07-25/62819531057_fc4265cf524774d04cc8_88.png",
    "image_102": "https://s3-us-west-2.amazonaws.com/slack-files2/avatars/2016-07-25/62819531057_fc4265cf524774d04cc8_102.png",
    "image_132": "https://s3-us-west-2.amazonaws.com/slack-files2/avatars/2016-07-25/62819531057_fc4265cf524774d04cc8_132.png",
    "image_230": "https://s3-us-west-2.amazonaws.com/slack-files2/avatars/2016-07-25/62819531057_fc4265cf524774d04cc8_230.png",
    "image_original": "https://s3-us-west-2.amazonaws.com/slack-files2/avatars/2016-07-25/62819531057_fc4265cf524774d04cc8_original.png"
  },
  "teamId": "T1N34JX9D"
}
2016-11-05T22:09:52.463Z - info: UPDATE_TEAM_ICONS : {
  "icons": {
    "image_34": "https://s3-us-west-2.amazonaws.com/slack-files2/avatars/2016-07-25/62819531057_fc4265cf524774d04cc8_34.png",
    "image_44": "https://s3-us-west-2.amazonaws.com/slack-files2/avatars/2016-07-25/62819531057_fc4265cf524774d04cc8_44.png",
    "image_68": "https://s3-us-west-2.amazonaws.com/slack-files2/avatars/2016-07-25/62819531057_fc4265cf524774d04cc8_68.png",
    "image_88": "https://s3-us-west-2.amazonaws.com/slack-files2/avatars/2016-07-25/62819531057_fc4265cf524774d04cc8_88.png",
    "image_102": "https://s3-us-west-2.amazonaws.com/slack-files2/avatars/2016-07-25/62819531057_fc4265cf524774d04cc8_102.png",
    "image_132": "https://s3-us-west-2.amazonaws.com/slack-files2/avatars/2016-07-25/62819531057_fc4265cf524774d04cc8_132.png",
    "image_230": "https://s3-us-west-2.amazonaws.com/slack-files2/avatars/2016-07-25/62819531057_fc4265cf524774d04cc8_230.png",
    "image_original": "https://s3-us-west-2.amazonaws.com/slack-files2/avatars/2016-07-25/62819531057_fc4265cf524774d04cc8_original.png"
  },
  "teamId": "T1N34JX9D"
}
2016-11-06T12:26:37.254Z - info: UPDATE_TEAM_ICONS : {
  "icons": {
    "image_34": "https://s3-us-west-2.amazonaws.com/slack-files2/avatars/2016-07-25/62819531057_fc4265cf524774d04cc8_34.png",
    "image_44": "https://s3-us-west-2.amazonaws.com/slack-files2/avatars/2016-07-25/62819531057_fc4265cf524774d04cc8_44.png",
    "image_68": "https://s3-us-west-2.amazonaws.com/slack-files2/avatars/2016-07-25/62819531057_fc4265cf524774d04cc8_68.png",
    "image_88": "https://s3-us-west-2.amazonaws.com/slack-files2/avatars/2016-07-25/62819531057_fc4265cf524774d04cc8_88.png",
    "image_102": "https://s3-us-west-2.amazonaws.com/slack-files2/avatars/2016-07-25/62819531057_fc4265cf524774d04cc8_102.png",
    "image_132": "https://s3-us-west-2.amazonaws.com/slack-files2/avatars/2016-07-25/62819531057_fc4265cf524774d04cc8_132.png",
    "image_230": "https://s3-us-west-2.amazonaws.com/slack-files2/avatars/2016-07-25/62819531057_fc4265cf524774d04cc8_230.png",
    "image_original": "https://s3-us-west-2.amazonaws.com/slack-files2/avatars/2016-07-25/62819531057_fc4265cf524774d04cc8_original.png"
  },
  "teamId": "T1N34JX9D"
}
