2016-11-04T21:24:56.546Z - info: UPDATE_SEARCH_BOX_SIZE : {
  "newSize": {
    "id": "search",
    "width": 303,
    "height": 34,
    "top": 13.1875,
    "left": 1444
  }
}
2016-11-04T21:24:57.010Z - info: SELECT_CHANNEL : "G033EHKRP"
2016-11-04T21:24:59.781Z - info: Raw Locale list: ["C","C.UTF-8","en_AG","en_AG.utf8","en_AU.utf8","en_BW.utf8","en_CA.utf8","en_DK.utf8","en_GB.utf8","en_HK.utf8","en_IE.utf8","en_IN","en_IN.utf8","en_NG","en_NG.utf8","en_NZ.utf8","en_PH.utf8","en_SG.utf8","en_US.utf8","en_ZA.utf8","en_ZM","en_ZM.utf8","en_ZW.utf8","pl_PL.utf8","POSIX",""]
2016-11-04T21:24:59.782Z - info: Filtered Locale list: ["en_AG","en_AG","en_AU","en_BW","en_CA","en_DK","en_GB","en_HK","en_IE","en_IN","en_IN","en_NG","en_NG","en_NZ","en_PH","en_SG","en_US","en_ZA","en_ZM","en_ZM","en_ZW","pl_PL"]
2016-11-04T21:24:59.783Z - info: Counts: {"en":["en_AG","en_AG","en_AU","en_BW","en_CA","en_DK","en_GB","en_HK","en_IE","en_IN","en_IN","en_NG","en_NG","en_NZ","en_PH","en_SG","en_US","en_ZA","en_ZM","en_ZM","en_ZW"],"pl":["pl_PL"]}
2016-11-04T21:24:59.812Z - info: Setting pl
2016-11-04T21:24:59.851Z - info: Result: {"pl":"pl-PL","en":"en-US"}
2016-11-04T21:24:59.865Z - info: Requesting to load pl-PL, alternatives are ["pl-PL","pl-PL","pl-PL"]
2016-11-04T21:24:59.928Z - info: Loading dictionary for language pl-PL
2016-11-04T21:24:59.929Z - info: Returning local copy: /home/szujek/.dotfiles/vim/config.symlink/Slack/dictionaries/pl-PL.bdic
2016-11-04T21:24:59.945Z - info: Raw Locale list: ["C","C.UTF-8","en_AG","en_AG.utf8","en_AU.utf8","en_BW.utf8","en_CA.utf8","en_DK.utf8","en_GB.utf8","en_HK.utf8","en_IE.utf8","en_IN","en_IN.utf8","en_NG","en_NG.utf8","en_NZ.utf8","en_PH.utf8","en_SG.utf8","en_US.utf8","en_ZA.utf8","en_ZM","en_ZM.utf8","en_ZW.utf8","pl_PL.utf8","POSIX",""]
2016-11-04T21:24:59.947Z - info: Filtered Locale list: ["en_AG","en_AG","en_AU","en_BW","en_CA","en_DK","en_GB","en_HK","en_IE","en_IN","en_IN","en_NG","en_NG","en_NZ","en_PH","en_SG","en_US","en_ZA","en_ZM","en_ZM","en_ZW","pl_PL"]
2016-11-04T21:24:59.947Z - info: Counts: {"en":["en_AG","en_AG","en_AU","en_BW","en_CA","en_DK","en_GB","en_HK","en_IE","en_IN","en_IN","en_NG","en_NG","en_NZ","en_PH","en_SG","en_US","en_ZA","en_ZM","en_ZM","en_ZW"],"pl":["pl_PL"]}
2016-11-04T21:24:59.949Z - info: Setting pl
2016-11-04T21:24:59.950Z - info: Result: {"pl":"pl-PL","en":"en-US"}
2016-11-04T21:24:59.951Z - info: Requesting to load pl-PL, alternatives are ["pl-PL","pl-PL","pl-PL"]
2016-11-04T21:24:59.953Z - info: Loading dictionary for language pl-PL
2016-11-04T21:24:59.955Z - info: Returning local copy: /home/szujek/.dotfiles/vim/config.symlink/Slack/dictionaries/pl-PL.bdic
2016-11-04T21:25:00.507Z - info: Setting current spellchecker to pl-PL, requested language was pl-PL
2016-11-04T21:25:00.507Z - info: Creating node-spellchecker instance
2016-11-04T21:25:00.528Z - info: Setting current spellchecker to pl-PL, requested language was pl-PL
2016-11-04T21:25:00.530Z - info: Actually installing spell check provider to Electron
2016-11-04T21:25:01.100Z - info: UPDATE_TEAM_ICONS : {
  "icons": false,
  "teamId": "T02LSBSL4"
}
2016-11-04T21:25:01.285Z - info: UPDATE_TEAM_THEME : {
  "theme": {
    "column_bg": "#4F2F4C",
    "menu_bg": "#452842",
    "active_item": "#8C5888",
    "active_item_text": "#FFFFFF",
    "hover_item": "#3E313C",
    "text_color": "#FFFFFF",
    "active_presence": "#D0FF00",
    "badge": "#889100"
  },
  "teamId": "T02LSBSL4"
}
2016-11-05T13:51:05.285Z - info: UPDATE_TEAM_ICONS : {
  "icons": false,
  "teamId": "T02LSBSL4"
}
2016-11-05T14:54:43.606Z - info: UPDATE_SEARCH_BOX_SIZE : {
  "newSize": {
    "id": "search",
    "width": 380,
    "height": 34,
    "top": 13.1875,
    "left": 1367
  }
}
2016-11-05T14:54:46.011Z - info: Unloading spellchecker
2016-11-05T14:54:46.042Z - info: Restoring spellchecker
2016-11-05T14:54:46.057Z - info: Loading dictionary for language pl-PL
2016-11-05T14:54:46.060Z - info: Returning local copy: /home/szujek/.dotfiles/vim/config.symlink/Slack/dictionaries/pl-PL.bdic
2016-11-05T14:54:46.074Z - info: Setting current spellchecker to pl-PL, requested language was pl-PL
2016-11-05T14:54:46.074Z - info: Creating node-spellchecker instance
2016-11-05T14:54:46.112Z - info: Actually installing spell check provider to Electron
2016-11-05T14:54:46.145Z - info: Unloading spellchecker
2016-11-05T20:42:55.088Z - info: UPDATE_TEAM_ICONS : {
  "icons": false,
  "teamId": "T02LSBSL4"
}
2016-11-05T21:03:28.571Z - info: UPDATE_TEAM_ICONS : {
  "icons": false,
  "teamId": "T02LSBSL4"
}
2016-11-05T22:09:52.767Z - info: UPDATE_TEAM_ICONS : {
  "icons": false,
  "teamId": "T02LSBSL4"
}
2016-11-06T12:26:37.198Z - info: UPDATE_TEAM_ICONS : {
  "icons": false,
  "teamId": "T02LSBSL4"
}
